[2021-10-09 18:33:28,661] INFO Starting the log cleaner (kafka.log.LogCleaner)
[2021-10-09 18:33:28,726] INFO [kafka-log-cleaner-thread-0]: Starting (kafka.log.LogCleaner)
[2021-10-09 19:01:45,662] INFO Shutting down the log cleaner. (kafka.log.LogCleaner)
[2021-10-09 19:01:45,665] INFO [kafka-log-cleaner-thread-0]: Shutting down (kafka.log.LogCleaner)
[2021-10-09 19:01:45,666] INFO [kafka-log-cleaner-thread-0]: Stopped (kafka.log.LogCleaner)
[2021-10-09 19:01:45,666] INFO [kafka-log-cleaner-thread-0]: Shutdown completed (kafka.log.LogCleaner)
[2021-10-09 21:09:48,177] INFO Starting the log cleaner (kafka.log.LogCleaner)
[2021-10-09 21:09:48,295] INFO [kafka-log-cleaner-thread-0]: Starting (kafka.log.LogCleaner)
[2021-10-09 22:12:54,549] INFO Starting the log cleaner (kafka.log.LogCleaner)
[2021-10-09 22:12:54,678] INFO [kafka-log-cleaner-thread-0]: Starting (kafka.log.LogCleaner)
[2021-10-09 22:12:56,270] INFO Shutting down the log cleaner. (kafka.log.LogCleaner)
[2021-10-09 22:12:56,271] INFO [kafka-log-cleaner-thread-0]: Shutting down (kafka.log.LogCleaner)
[2021-10-09 22:12:56,272] INFO [kafka-log-cleaner-thread-0]: Stopped (kafka.log.LogCleaner)
[2021-10-09 22:12:56,272] INFO [kafka-log-cleaner-thread-0]: Shutdown completed (kafka.log.LogCleaner)
[2021-10-10 02:34:43,110] INFO Starting the log cleaner (kafka.log.LogCleaner)
[2021-10-10 02:34:43,213] INFO [kafka-log-cleaner-thread-0]: Starting (kafka.log.LogCleaner)
[2021-10-10 02:44:14,663] INFO Shutting down the log cleaner. (kafka.log.LogCleaner)
[2021-10-10 02:44:14,663] INFO [kafka-log-cleaner-thread-0]: Shutting down (kafka.log.LogCleaner)
[2021-10-10 02:44:14,664] INFO [kafka-log-cleaner-thread-0]: Stopped (kafka.log.LogCleaner)
[2021-10-10 02:44:14,664] INFO [kafka-log-cleaner-thread-0]: Shutdown completed (kafka.log.LogCleaner)
